This file contains any messages produced by compilers while
running configure, to aid debugging if configure makes a mistake.

It was created by pixman configure 0.28.0, which was
generated by GNU Autoconf 2.68.  Invocation command line was

  $ ./configure --enable-shared=no

## --------- ##
## Platform. ##
## --------- ##

hostname = taco
uname -m = x86_64
uname -r = 3.2.0-32-generic
uname -s = Linux
uname -v = #51-Ubuntu SMP Wed Sep 26 21:33:09 UTC 2012

/usr/bin/uname -p = unknown
/bin/uname -X     = unknown

/bin/arch              = unknown
/usr/bin/arch -k       = unknown
/usr/convex/getsysinfo = unknown
/usr/bin/hostinfo      = unknown
/bin/machine           = unknown
/usr/bin/oslevel       = unknown
/bin/universe          = unknown

PATH: /opt/tex/texmf-linux-64/bin
PATH: /home/taco/bin
PATH: /usr/lib/lightdm/lightdm
PATH: /usr/local/sbin
PATH: /usr/local/bin
PATH: /usr/sbin
PATH: /usr/bin
PATH: /sbin
PATH: /bin
PATH: /usr/games


## ----------- ##
## Core tests. ##
## ----------- ##

configure:2558: checking for a BSD-compatible install
configure:2626: result: /usr/bin/install -c
configure:2637: checking whether build environment is sane
configure:2687: result: yes
configure:2828: checking for a thread-safe mkdir -p
configure:2867: result: /bin/mkdir -p
configure:2880: checking for gawk
configure:2910: result: no
configure:2880: checking for mawk
configure:2896: found /usr/bin/mawk
configure:2907: result: mawk
configure:2918: checking whether make sets $(MAKE)
configure:2940: result: yes
configure:3033: checking whether make supports nested variables
configure:3050: result: yes
configure:3069: checking build system type
configure:3083: result: x86_64-unknown-linux-gnu
configure:3103: checking host system type
configure:3116: result: x86_64-unknown-linux-gnu
configure:3187: checking for gcc
configure:3203: found /usr/bin/gcc
configure:3214: result: gcc
configure:3443: checking for C compiler version
configure:3452: gcc --version >&5
gcc (Ubuntu/Linaro 4.6.3-1ubuntu5) 4.6.3
Copyright (C) 2011 Free Software Foundation, Inc.
This is free software; see the source for copying conditions.  There is NO
warranty; not even for MERCHANTABILITY or FITNESS FOR A PARTICULAR PURPOSE.

configure:3463: $? = 0
configure:3452: gcc -v >&5
Using built-in specs.
COLLECT_GCC=gcc
COLLECT_LTO_WRAPPER=/usr/lib/gcc/x86_64-linux-gnu/4.6/lto-wrapper
Target: x86_64-linux-gnu
Configured with: ../src/configure -v --with-pkgversion='Ubuntu/Linaro 4.6.3-1ubuntu5' --with-bugurl=file:///usr/share/doc/gcc-4.6/README.Bugs --enable-languages=c,c++,fortran,objc,obj-c++ --prefix=/usr --program-suffix=-4.6 --enable-shared --enable-linker-build-id --with-system-zlib --libexecdir=/usr/lib --without-included-gettext --enable-threads=posix --with-gxx-include-dir=/usr/include/c++/4.6 --libdir=/usr/lib --enable-nls --with-sysroot=/ --enable-clocale=gnu --enable-libstdcxx-debug --enable-libstdcxx-time=yes --enable-gnu-unique-object --enable-plugin --enable-objc-gc --disable-werror --with-arch-32=i686 --with-tune=generic --enable-checking=release --build=x86_64-linux-gnu --host=x86_64-linux-gnu --target=x86_64-linux-gnu
Thread model: posix
gcc version 4.6.3 (Ubuntu/Linaro 4.6.3-1ubuntu5) 
configure:3463: $? = 0
configure:3452: gcc -V >&5
gcc: error: unrecognized option '-V'
gcc: fatal error: no input files
compilation terminated.
configure:3463: $? = 4
configure:3452: gcc -qversion >&5
gcc: error: unrecognized option '-qversion'
gcc: fatal error: no input files
compilation terminated.
configure:3463: $? = 4
configure:3483: checking whether the C compiler works
configure:3505: gcc    conftest.c  >&5
configure:3509: $? = 0
configure:3557: result: yes
configure:3560: checking for C compiler default output file name
configure:3562: result: a.out
configure:3568: checking for suffix of executables
configure:3575: gcc -o conftest    conftest.c  >&5
configure:3579: $? = 0
configure:3601: result: 
configure:3623: checking whether we are cross compiling
configure:3631: gcc -o conftest    conftest.c  >&5
configure:3635: $? = 0
configure:3642: ./conftest
configure:3646: $? = 0
configure:3661: result: no
configure:3666: checking for suffix of object files
configure:3688: gcc -c   conftest.c >&5
configure:3692: $? = 0
configure:3713: result: o
configure:3717: checking whether we are using the GNU C compiler
configure:3736: gcc -c   conftest.c >&5
configure:3736: $? = 0
configure:3745: result: yes
configure:3754: checking whether gcc accepts -g
configure:3774: gcc -c -g  conftest.c >&5
configure:3774: $? = 0
configure:3815: result: yes
configure:3832: checking for gcc option to accept ISO C89
configure:3896: gcc  -c -g -O2  conftest.c >&5
configure:3896: $? = 0
configure:3909: result: none needed
configure:3940: checking for style of include used by make
configure:3968: result: GNU
configure:3994: checking dependency style of gcc
configure:4105: result: gcc3
configure:4129: checking dependency style of gcc
configure:4238: result: gcc3
configure:4299: checking how to print strings
configure:4326: result: printf
configure:4347: checking for a sed that does not truncate output
configure:4411: result: /bin/sed
configure:4429: checking for grep that handles long lines and -e
configure:4487: result: /bin/grep
configure:4492: checking for egrep
configure:4554: result: /bin/grep -E
configure:4559: checking for fgrep
configure:4621: result: /bin/grep -F
configure:4656: checking for ld used by gcc
configure:4723: result: /usr/bin/ld
configure:4730: checking if the linker (/usr/bin/ld) is GNU ld
configure:4745: result: yes
configure:4757: checking for BSD- or MS-compatible name lister (nm)
configure:4806: result: /usr/bin/nm -B
configure:4936: checking the name lister (/usr/bin/nm -B) interface
configure:4943: gcc -c -g -O2  conftest.c >&5
configure:4946: /usr/bin/nm -B "conftest.o"
configure:4949: output
0000000000000000 B some_variable
configure:4956: result: BSD nm
configure:4959: checking whether ln -s works
configure:4963: result: yes
configure:4971: checking the maximum length of command line arguments
configure:5101: result: 1572864
configure:5118: checking whether the shell understands some XSI constructs
configure:5128: result: yes
configure:5132: checking whether the shell understands "+="
configure:5138: result: yes
configure:5173: checking how to convert x86_64-unknown-linux-gnu file names to x86_64-unknown-linux-gnu format
configure:5213: result: func_convert_file_noop
configure:5220: checking how to convert x86_64-unknown-linux-gnu file names to toolchain format
configure:5240: result: func_convert_file_noop
configure:5247: checking for /usr/bin/ld option to reload object files
configure:5254: result: -r
configure:5328: checking for objdump
configure:5344: found /usr/bin/objdump
configure:5355: result: objdump
configure:5387: checking how to recognize dependent libraries
configure:5589: result: pass_all
configure:5674: checking for dlltool
configure:5704: result: no
configure:5734: checking how to associate runtime and link libraries
configure:5761: result: printf %s\n
configure:5822: checking for ar
configure:5838: found /usr/bin/ar
configure:5849: result: ar
configure:5886: checking for archiver @FILE support
configure:5903: gcc -c -g -O2  conftest.c >&5
configure:5903: $? = 0
configure:5906: ar cru libconftest.a @conftest.lst >&5
configure:5909: $? = 0
configure:5914: ar cru libconftest.a @conftest.lst >&5
ar: conftest.o: No such file or directory
configure:5917: $? = 1
configure:5929: result: @
configure:5987: checking for strip
configure:6003: found /usr/bin/strip
configure:6014: result: strip
configure:6086: checking for ranlib
configure:6102: found /usr/bin/ranlib
configure:6113: result: ranlib
configure:6215: checking command to parse /usr/bin/nm -B output from gcc object
configure:6335: gcc -c -g -O2  conftest.c >&5
configure:6338: $? = 0
configure:6342: /usr/bin/nm -B conftest.o \| sed -n -e 's/^.*[ ]\([ABCDGIRSTW][ABCDGIRSTW]*\)[ ][ ]*\([_A-Za-z][_A-Za-z0-9]*\)$/\1 \2 \2/p' | sed '/ __gnu_lto/d' \> conftest.nm
configure:6345: $? = 0
configure:6411: gcc -o conftest -g -O2   conftest.c conftstm.o >&5
configure:6414: $? = 0
configure:6452: result: ok
configure:6489: checking for sysroot
configure:6519: result: no
configure:6596: gcc -c -g -O2  conftest.c >&5
configure:6599: $? = 0
configure:6775: checking for mt
configure:6791: found /bin/mt
configure:6802: result: mt
configure:6825: checking if mt is a manifest tool
configure:6831: mt '-?'
configure:6839: result: no
configure:7481: checking how to run the C preprocessor
configure:7512: gcc -E  conftest.c
configure:7512: $? = 0
configure:7526: gcc -E  conftest.c
conftest.c:11:28: fatal error: ac_nonexistent.h: No such file or directory
compilation terminated.
configure:7526: $? = 1
configure: failed program was:
| /* confdefs.h */
| #define PACKAGE_NAME "pixman"
| #define PACKAGE_TARNAME "pixman"
| #define PACKAGE_VERSION "0.28.0"
| #define PACKAGE_STRING "pixman 0.28.0"
| #define PACKAGE_BUGREPORT "pixman@lists.freedesktop.org"
| #define PACKAGE_URL ""
| #define PACKAGE "pixman"
| #define VERSION "0.28.0"
| /* end confdefs.h.  */
| #include <ac_nonexistent.h>
configure:7551: result: gcc -E
configure:7571: gcc -E  conftest.c
configure:7571: $? = 0
configure:7585: gcc -E  conftest.c
conftest.c:11:28: fatal error: ac_nonexistent.h: No such file or directory
compilation terminated.
configure:7585: $? = 1
configure: failed program was:
| /* confdefs.h */
| #define PACKAGE_NAME "pixman"
| #define PACKAGE_TARNAME "pixman"
| #define PACKAGE_VERSION "0.28.0"
| #define PACKAGE_STRING "pixman 0.28.0"
| #define PACKAGE_BUGREPORT "pixman@lists.freedesktop.org"
| #define PACKAGE_URL ""
| #define PACKAGE "pixman"
| #define VERSION "0.28.0"
| /* end confdefs.h.  */
| #include <ac_nonexistent.h>
configure:7614: checking for ANSI C header files
configure:7634: gcc -c -g -O2  conftest.c >&5
configure:7634: $? = 0
configure:7707: gcc -o conftest -g -O2   conftest.c  >&5
configure:7707: $? = 0
configure:7707: ./conftest
configure:7707: $? = 0
configure:7718: result: yes
configure:7731: checking for sys/types.h
configure:7731: gcc -c -g -O2  conftest.c >&5
configure:7731: $? = 0
configure:7731: result: yes
configure:7731: checking for sys/stat.h
configure:7731: gcc -c -g -O2  conftest.c >&5
configure:7731: $? = 0
configure:7731: result: yes
configure:7731: checking for stdlib.h
configure:7731: gcc -c -g -O2  conftest.c >&5
configure:7731: $? = 0
configure:7731: result: yes
configure:7731: checking for string.h
configure:7731: gcc -c -g -O2  conftest.c >&5
configure:7731: $? = 0
configure:7731: result: yes
configure:7731: checking for memory.h
configure:7731: gcc -c -g -O2  conftest.c >&5
configure:7731: $? = 0
configure:7731: result: yes
configure:7731: checking for strings.h
configure:7731: gcc -c -g -O2  conftest.c >&5
configure:7731: $? = 0
configure:7731: result: yes
configure:7731: checking for inttypes.h
configure:7731: gcc -c -g -O2  conftest.c >&5
configure:7731: $? = 0
configure:7731: result: yes
configure:7731: checking for stdint.h
configure:7731: gcc -c -g -O2  conftest.c >&5
configure:7731: $? = 0
configure:7731: result: yes
configure:7731: checking for unistd.h
configure:7731: gcc -c -g -O2  conftest.c >&5
configure:7731: $? = 0
configure:7731: result: yes
configure:7745: checking for dlfcn.h
configure:7745: gcc -c -g -O2  conftest.c >&5
configure:7745: $? = 0
configure:7745: result: yes
configure:7951: checking for objdir
configure:7966: result: .libs
configure:8233: checking if gcc supports -fno-rtti -fno-exceptions
configure:8251: gcc -c -g -O2  -fno-rtti -fno-exceptions conftest.c >&5
cc1: warning: command line option '-fno-rtti' is valid for C++/ObjC++ but not for C [enabled by default]
configure:8255: $? = 0
configure:8268: result: no
configure:8595: checking for gcc option to produce PIC
configure:8602: result: -fPIC -DPIC
configure:8610: checking if gcc PIC flag -fPIC -DPIC works
configure:8628: gcc -c -g -O2  -fPIC -DPIC -DPIC conftest.c >&5
configure:8632: $? = 0
configure:8645: result: yes
configure:8674: checking if gcc static flag -static works
configure:8702: result: yes
configure:8717: checking if gcc supports -c -o file.o
configure:8738: gcc -c -g -O2  -o out/conftest2.o conftest.c >&5
configure:8742: $? = 0
configure:8764: result: yes
configure:8772: checking if gcc supports -c -o file.o
configure:8819: result: yes
configure:8852: checking whether the gcc linker (/usr/bin/ld -m elf_x86_64) supports shared libraries
configure:10005: result: yes
configure:10245: checking dynamic linker characteristics
configure:10756: gcc -o conftest -g -O2   -Wl,-rpath -Wl,/foo conftest.c  >&5
configure:10756: $? = 0
configure:10982: result: GNU/Linux ld.so
configure:11089: checking how to hardcode library paths into programs
configure:11114: result: immediate
configure:11654: checking whether stripping libraries is possible
configure:11659: result: yes
configure:11694: checking if libtool supports shared libraries
configure:11696: result: yes
configure:11699: checking whether to build shared libraries
configure:11720: result: no
configure:11723: checking whether to build static libraries
configure:11727: result: yes
configure:11766: checking for getisax
configure:11766: gcc -o conftest -g -O2   conftest.c  >&5
/tmp/ccDve1F9.o: In function `main':
/home/taco/cairo/pixman-0.28.0/conftest.c:57: undefined reference to `getisax'
collect2: ld returned 1 exit status
configure:11766: $? = 1
configure: failed program was:
| /* confdefs.h */
| #define PACKAGE_NAME "pixman"
| #define PACKAGE_TARNAME "pixman"
| #define PACKAGE_VERSION "0.28.0"
| #define PACKAGE_STRING "pixman 0.28.0"
| #define PACKAGE_BUGREPORT "pixman@lists.freedesktop.org"
| #define PACKAGE_URL ""
| #define PACKAGE "pixman"
| #define VERSION "0.28.0"
| #define STDC_HEADERS 1
| #define HAVE_SYS_TYPES_H 1
| #define HAVE_SYS_STAT_H 1
| #define HAVE_STDLIB_H 1
| #define HAVE_STRING_H 1
| #define HAVE_MEMORY_H 1
| #define HAVE_STRINGS_H 1
| #define HAVE_INTTYPES_H 1
| #define HAVE_STDINT_H 1
| #define HAVE_UNISTD_H 1
| #define HAVE_DLFCN_H 1
| #define LT_OBJDIR ".libs/"
| /* end confdefs.h.  */
| /* Define getisax to an innocuous variant, in case <limits.h> declares getisax.
|    For example, HP-UX 11i <limits.h> declares gettimeofday.  */
| #define getisax innocuous_getisax
| 
| /* System header to define __stub macros and hopefully few prototypes,
|     which can conflict with char getisax (); below.
|     Prefer <limits.h> to <assert.h> if __STDC__ is defined, since
|     <limits.h> exists even on freestanding compilers.  */
| 
| #ifdef __STDC__
| # include <limits.h>
| #else
| # include <assert.h>
| #endif
| 
| #undef getisax
| 
| /* Override any GCC internal prototype to avoid an error.
|    Use char because int might match the return type of a GCC
|    builtin and then its argument prototype would still apply.  */
| #ifdef __cplusplus
| extern "C"
| #endif
| char getisax ();
| /* The GNU C library defines this for functions which it implements
|     to always fail with ENOSYS.  Some functions are actually named
|     something starting with __ and the normal name is an alias.  */
| #if defined __stub_getisax || defined __stub___getisax
| choke me
| #endif
| 
| int
| main ()
| {
| return getisax ();
|   ;
|   return 0;
| }
configure:11766: result: no
configure:11775: checking whether byte ordering is bigendian
configure:11790: gcc -c -g -O2  conftest.c >&5
conftest.c:24:9: error: unknown type name 'not'
conftest.c:24:15: error: expected '=', ',', ';', 'asm' or '__attribute__' before 'universal'
conftest.c:24:15: error: unknown type name 'universal'
configure:11790: $? = 1
configure: failed program was:
| /* confdefs.h */
| #define PACKAGE_NAME "pixman"
| #define PACKAGE_TARNAME "pixman"
| #define PACKAGE_VERSION "0.28.0"
| #define PACKAGE_STRING "pixman 0.28.0"
| #define PACKAGE_BUGREPORT "pixman@lists.freedesktop.org"
| #define PACKAGE_URL ""
| #define PACKAGE "pixman"
| #define VERSION "0.28.0"
| #define STDC_HEADERS 1
| #define HAVE_SYS_TYPES_H 1
| #define HAVE_SYS_STAT_H 1
| #define HAVE_STDLIB_H 1
| #define HAVE_STRING_H 1
| #define HAVE_MEMORY_H 1
| #define HAVE_STRINGS_H 1
| #define HAVE_INTTYPES_H 1
| #define HAVE_STDINT_H 1
| #define HAVE_UNISTD_H 1
| #define HAVE_DLFCN_H 1
| #define LT_OBJDIR ".libs/"
| /* end confdefs.h.  */
| #ifndef __APPLE_CC__
| 	       not a universal capable compiler
| 	     #endif
| 	     typedef int dummy;
| 
configure:11835: gcc -c -g -O2  conftest.c >&5
configure:11835: $? = 0
configure:11853: gcc -c -g -O2  conftest.c >&5
conftest.c: In function 'main':
conftest.c:30:4: error: unknown type name 'not'
conftest.c:30:12: error: expected '=', ',', ';', 'asm' or '__attribute__' before 'endian'
configure:11853: $? = 1
configure: failed program was:
| /* confdefs.h */
| #define PACKAGE_NAME "pixman"
| #define PACKAGE_TARNAME "pixman"
| #define PACKAGE_VERSION "0.28.0"
| #define PACKAGE_STRING "pixman 0.28.0"
| #define PACKAGE_BUGREPORT "pixman@lists.freedesktop.org"
| #define PACKAGE_URL ""
| #define PACKAGE "pixman"
| #define VERSION "0.28.0"
| #define STDC_HEADERS 1
| #define HAVE_SYS_TYPES_H 1
| #define HAVE_SYS_STAT_H 1
| #define HAVE_STDLIB_H 1
| #define HAVE_STRING_H 1
| #define HAVE_MEMORY_H 1
| #define HAVE_STRINGS_H 1
| #define HAVE_INTTYPES_H 1
| #define HAVE_STDINT_H 1
| #define HAVE_UNISTD_H 1
| #define HAVE_DLFCN_H 1
| #define LT_OBJDIR ".libs/"
| /* end confdefs.h.  */
| #include <sys/types.h>
| 		#include <sys/param.h>
| 
| int
| main ()
| {
| #if BYTE_ORDER != BIG_ENDIAN
| 		 not big endian
| 		#endif
| 
|   ;
|   return 0;
| }
configure:11981: result: no
configure:11999: checking for inline
configure:12015: gcc -c -g -O2  conftest.c >&5
configure:12015: $? = 0
configure:12023: result: inline
configure:12047: checking whether the compiler supports -Werror
configure:12063: gcc -o conftest -g -O2 -Werror    conftest.c   >&5
configure:12063: $? = 0
configure:12086: result: yes
configure:12097: checking size of long
configure:12102: gcc -o conftest -g -O2   conftest.c  >&5
configure:12102: $? = 0
configure:12102: ./conftest
configure:12102: $? = 0
configure:12116: result: 8
configure:12128: checking whether __SUNPRO_C is declared
configure:12128: gcc -c -g -O2  conftest.c >&5
conftest.c: In function 'main':
conftest.c:64:10: error: '__SUNPRO_C' undeclared (first use in this function)
conftest.c:64:10: note: each undeclared identifier is reported only once for each function it appears in
configure:12128: $? = 1
configure: failed program was:
| /* confdefs.h */
| #define PACKAGE_NAME "pixman"
| #define PACKAGE_TARNAME "pixman"
| #define PACKAGE_VERSION "0.28.0"
| #define PACKAGE_STRING "pixman 0.28.0"
| #define PACKAGE_BUGREPORT "pixman@lists.freedesktop.org"
| #define PACKAGE_URL ""
| #define PACKAGE "pixman"
| #define VERSION "0.28.0"
| #define STDC_HEADERS 1
| #define HAVE_SYS_TYPES_H 1
| #define HAVE_SYS_STAT_H 1
| #define HAVE_STDLIB_H 1
| #define HAVE_STRING_H 1
| #define HAVE_MEMORY_H 1
| #define HAVE_STRINGS_H 1
| #define HAVE_INTTYPES_H 1
| #define HAVE_STDINT_H 1
| #define HAVE_UNISTD_H 1
| #define HAVE_DLFCN_H 1
| #define LT_OBJDIR ".libs/"
| #define SIZEOF_LONG 8
| /* end confdefs.h.  */
| #include <stdio.h>
| #ifdef HAVE_SYS_TYPES_H
| # include <sys/types.h>
| #endif
| #ifdef HAVE_SYS_STAT_H
| # include <sys/stat.h>
| #endif
| #ifdef STDC_HEADERS
| # include <stdlib.h>
| # include <stddef.h>
| #else
| # ifdef HAVE_STDLIB_H
| #  include <stdlib.h>
| # endif
| #endif
| #ifdef HAVE_STRING_H
| # if !defined STDC_HEADERS && defined HAVE_MEMORY_H
| #  include <memory.h>
| # endif
| # include <string.h>
| #endif
| #ifdef HAVE_STRINGS_H
| # include <strings.h>
| #endif
| #ifdef HAVE_INTTYPES_H
| # include <inttypes.h>
| #endif
| #ifdef HAVE_STDINT_H
| # include <stdint.h>
| #endif
| #ifdef HAVE_UNISTD_H
| # include <unistd.h>
| #endif
| int
| main ()
| {
| #ifndef __SUNPRO_C
| #ifdef __cplusplus
|   (void) __SUNPRO_C;
| #else
|   (void) __SUNPRO_C;
| #endif
| #endif
| 
|   ;
|   return 0;
| }
configure:12128: result: no
configure:12135: checking whether __amd64 is declared
configure:12135: gcc -c -g -O2  conftest.c >&5
configure:12135: $? = 0
configure:12135: result: yes
configure:12176: checking whether the compiler supports -Wall
configure:12194: gcc -o conftest -g -O2 -Werror -Wall    conftest.c   >&5
configure:12194: $? = 0
configure:12220: result: yes
configure:12223: checking whether the compiler supports -fno-strict-aliasing
configure:12241: gcc -o conftest -g -O2 -Wall -Werror -fno-strict-aliasing    conftest.c   >&5
configure:12241: $? = 0
configure:12267: result: yes
configure:12282: checking for gcc option to support OpenMP
configure:12297: gcc -o conftest -g -O2 -Wall -fno-strict-aliasing   conftest.c  >&5
conftest.c:26:2: error: unknown type name 'choke'
In file included from conftest.c:28:0:
/usr/lib/gcc/x86_64-linux-gnu/4.6/include/omp.h:34:1: error: expected '=', ',', ';', 'asm' or '__attribute__' before 'typedef'
configure:12297: $? = 1
configure: failed program was:
| /* confdefs.h */
| #define PACKAGE_NAME "pixman"
| #define PACKAGE_TARNAME "pixman"
| #define PACKAGE_VERSION "0.28.0"
| #define PACKAGE_STRING "pixman 0.28.0"
| #define PACKAGE_BUGREPORT "pixman@lists.freedesktop.org"
| #define PACKAGE_URL ""
| #define PACKAGE "pixman"
| #define VERSION "0.28.0"
| #define STDC_HEADERS 1
| #define HAVE_SYS_TYPES_H 1
| #define HAVE_SYS_STAT_H 1
| #define HAVE_STDLIB_H 1
| #define HAVE_STRING_H 1
| #define HAVE_MEMORY_H 1
| #define HAVE_STRINGS_H 1
| #define HAVE_INTTYPES_H 1
| #define HAVE_STDINT_H 1
| #define HAVE_UNISTD_H 1
| #define HAVE_DLFCN_H 1
| #define LT_OBJDIR ".libs/"
| #define SIZEOF_LONG 8
| /* end confdefs.h.  */
| 
| #ifndef _OPENMP
|  choke me
| #endif
| #include <omp.h>
| int main () { return omp_get_num_threads (); }
| 
configure:12314: gcc -o conftest -g -O2 -Wall -fno-strict-aliasing -fopenmp   conftest.c  >&5
configure:12314: $? = 0
configure:12328: result: -fopenmp
configure:12394: gcc -o conftest -g -O2 -Wall -fno-strict-aliasing -fopenmp   -fopenmp conftest.c   >&5
configure:12394: $? = 0
configure:12426: checking whether the compiler supports -fvisibility=hidden
configure:12451: gcc -o conftest -g -O2 -Wall -fno-strict-aliasing -Werror -fvisibility=hidden    conftest.c   >&5
configure:12451: $? = 0
configure:12477: result: yes
configure:12481: checking whether the compiler supports -xldscope=hidden
configure:12503: gcc -o conftest -g -O2 -Wall -fno-strict-aliasing -fvisibility=hidden -Werror -xldscope=hidden    conftest.c   >&5
gcc: error: language ldscope=hidden not recognized
gcc: error: language ldscope=hidden not recognized
configure:12503: $? = 1
configure: failed program was:
| /* confdefs.h */
| #define PACKAGE_NAME "pixman"
| #define PACKAGE_TARNAME "pixman"
| #define PACKAGE_VERSION "0.28.0"
| #define PACKAGE_STRING "pixman 0.28.0"
| #define PACKAGE_BUGREPORT "pixman@lists.freedesktop.org"
| #define PACKAGE_URL ""
| #define PACKAGE "pixman"
| #define VERSION "0.28.0"
| #define STDC_HEADERS 1
| #define HAVE_SYS_TYPES_H 1
| #define HAVE_SYS_STAT_H 1
| #define HAVE_STDLIB_H 1
| #define HAVE_STRING_H 1
| #define HAVE_MEMORY_H 1
| #define HAVE_STRINGS_H 1
| #define HAVE_INTTYPES_H 1
| #define HAVE_STDINT_H 1
| #define HAVE_UNISTD_H 1
| #define HAVE_DLFCN_H 1
| #define LT_OBJDIR ".libs/"
| #define SIZEOF_LONG 8
| #define USE_OPENMP 1
| /* end confdefs.h.  */
| #if defined(__SUNPRO_C) && (__SUNPRO_C >= 0x550)
| #else
| #error Need Sun Studio 8 for visibility
| #endif
| 
| 		 int main(int c, char **v) { (void)c; (void)v; return 0; }
| 
configure:12529: result: no
configure:12539: checking whether to use Loongson MMI assembler
configure:12564: gcc -c  -march=loongson2f -g -O2 -Wall -fno-strict-aliasing -fvisibility=hidden -I.  conftest.c >&5
conftest.c:1:0: error: bad value (loongson2f) for -march= switch
configure:12564: $? = 1
configure: failed program was:
| /* confdefs.h */
| #define PACKAGE_NAME "pixman"
| #define PACKAGE_TARNAME "pixman"
| #define PACKAGE_VERSION "0.28.0"
| #define PACKAGE_STRING "pixman 0.28.0"
| #define PACKAGE_BUGREPORT "pixman@lists.freedesktop.org"
| #define PACKAGE_URL ""
| #define PACKAGE "pixman"
| #define VERSION "0.28.0"
| #define STDC_HEADERS 1
| #define HAVE_SYS_TYPES_H 1
| #define HAVE_SYS_STAT_H 1
| #define HAVE_STDLIB_H 1
| #define HAVE_STRING_H 1
| #define HAVE_MEMORY_H 1
| #define HAVE_STRINGS_H 1
| #define HAVE_INTTYPES_H 1
| #define HAVE_STDINT_H 1
| #define HAVE_UNISTD_H 1
| #define HAVE_DLFCN_H 1
| #define LT_OBJDIR ".libs/"
| #define SIZEOF_LONG 8
| #define USE_OPENMP 1
| /* end confdefs.h.  */
| 
| #ifndef __mips_loongson_vector_rev
| #error "Loongson Multimedia Instructions are only available on Loongson"
| #endif
| #if defined(__GNUC__) && (__GNUC__ < 4 || (__GNUC__ == 4 && __GNUC_MINOR__ < 4))
| #error "Need GCC >= 4.4 for Loongson MMI compilation"
| #endif
| #include "pixman/loongson-mmintrin.h"
| int main () {
|     union {
|         __m64 v;
|         char c[8];
|     } a = { .c = {1, 2, 3, 4, 5, 6, 7, 8} };
|     int b = 4;
|     __m64 c = _mm_srli_pi16 (a.v, b);
|     return 0;
| }
configure:12590: result: no
configure:12620: checking whether to use MMX intrinsics
configure:12644: gcc -c -mmmx -Winline -g -O2 -Wall -fno-strict-aliasing -fvisibility=hidden  conftest.c >&5
configure:12644: $? = 0
configure:12670: result: yes
configure:12698: checking whether to use SSE2 intrinsics
configure:12720: gcc -c -msse2 -Winline -g -O2 -Wall -fno-strict-aliasing -fvisibility=hidden  conftest.c >&5
conftest.c: In function 'main':
conftest.c:36:61: warning: variable 'c' set but not used [-Wunused-but-set-variable]
configure:12720: $? = 0
configure:12744: result: yes
configure:12810: checking whether to use VMX/Altivec intrinsics
configure:12827: gcc -c -maltivec -mabi=altivec -g -O2 -Wall -fno-strict-aliasing -fvisibility=hidden  conftest.c >&5
cc1: error: unrecognized command line option '-maltivec'
conftest.c:1:0: error: unknown ABI (altivec) for -mabi= switch
configure:12827: $? = 1
configure: failed program was:
| /* confdefs.h */
| #define PACKAGE_NAME "pixman"
| #define PACKAGE_TARNAME "pixman"
| #define PACKAGE_VERSION "0.28.0"
| #define PACKAGE_STRING "pixman 0.28.0"
| #define PACKAGE_BUGREPORT "pixman@lists.freedesktop.org"
| #define PACKAGE_URL ""
| #define PACKAGE "pixman"
| #define VERSION "0.28.0"
| #define STDC_HEADERS 1
| #define HAVE_SYS_TYPES_H 1
| #define HAVE_SYS_STAT_H 1
| #define HAVE_STDLIB_H 1
| #define HAVE_STRING_H 1
| #define HAVE_MEMORY_H 1
| #define HAVE_STRINGS_H 1
| #define HAVE_INTTYPES_H 1
| #define HAVE_STDINT_H 1
| #define HAVE_UNISTD_H 1
| #define HAVE_DLFCN_H 1
| #define LT_OBJDIR ".libs/"
| #define SIZEOF_LONG 8
| #define USE_OPENMP 1
| #define USE_X86_MMX 1
| #define USE_SSE2 1
| /* end confdefs.h.  */
| 
| #if defined(__GNUC__) && (__GNUC__ < 3 || (__GNUC__ == 3 && __GNUC_MINOR__ < 4))
| #error "Need GCC >= 3.4 for sane altivec support"
| #endif
| #include <altivec.h>
| int main () {
|     vector unsigned int v = vec_splat_u32 (1);
|     v = vec_sub (v, v);
|     return 0;
| }
configure:12853: result: no
configure:12871: checking whether to use ARM SIMD assembler
configure:12889: gcc -c -x assembler-with-cpp -g -O2 -Wall -fno-strict-aliasing -fvisibility=hidden  conftest.c >&5
conftest.c:34:2: error: #error EABI is required (to be sure that calling conventions are compatible)
configure:12889: $? = 1
configure: failed program was:
| /* confdefs.h */
| #define PACKAGE_NAME "pixman"
| #define PACKAGE_TARNAME "pixman"
| #define PACKAGE_VERSION "0.28.0"
| #define PACKAGE_STRING "pixman 0.28.0"
| #define PACKAGE_BUGREPORT "pixman@lists.freedesktop.org"
| #define PACKAGE_URL ""
| #define PACKAGE "pixman"
| #define VERSION "0.28.0"
| #define STDC_HEADERS 1
| #define HAVE_SYS_TYPES_H 1
| #define HAVE_SYS_STAT_H 1
| #define HAVE_STDLIB_H 1
| #define HAVE_STRING_H 1
| #define HAVE_MEMORY_H 1
| #define HAVE_STRINGS_H 1
| #define HAVE_INTTYPES_H 1
| #define HAVE_STDINT_H 1
| #define HAVE_UNISTD_H 1
| #define HAVE_DLFCN_H 1
| #define LT_OBJDIR ".libs/"
| #define SIZEOF_LONG 8
| #define USE_OPENMP 1
| #define USE_X86_MMX 1
| #define USE_SSE2 1
| /* end confdefs.h.  */
| 
| .text
| .arch armv6
| .object_arch armv4
| .arm
| .altmacro
| #ifndef __ARM_EABI__
| #error EABI is required (to be sure that calling conventions are compatible)
| #endif
| pld [r0]
| uqadd8 r0, r0, r0
configure:12922: result: no
configure:12929: checking whether to use ARM NEON assembler
configure:12949: gcc -c -x assembler-with-cpp -g -O2 -Wall -fno-strict-aliasing -fvisibility=hidden  conftest.c >&5
conftest.c:36:2: error: #error EABI is required (to be sure that calling conventions are compatible)
configure:12949: $? = 1
configure: failed program was:
| /* confdefs.h */
| #define PACKAGE_NAME "pixman"
| #define PACKAGE_TARNAME "pixman"
| #define PACKAGE_VERSION "0.28.0"
| #define PACKAGE_STRING "pixman 0.28.0"
| #define PACKAGE_BUGREPORT "pixman@lists.freedesktop.org"
| #define PACKAGE_URL ""
| #define PACKAGE "pixman"
| #define VERSION "0.28.0"
| #define STDC_HEADERS 1
| #define HAVE_SYS_TYPES_H 1
| #define HAVE_SYS_STAT_H 1
| #define HAVE_STDLIB_H 1
| #define HAVE_STRING_H 1
| #define HAVE_MEMORY_H 1
| #define HAVE_STRINGS_H 1
| #define HAVE_INTTYPES_H 1
| #define HAVE_STDINT_H 1
| #define HAVE_UNISTD_H 1
| #define HAVE_DLFCN_H 1
| #define LT_OBJDIR ".libs/"
| #define SIZEOF_LONG 8
| #define USE_OPENMP 1
| #define USE_X86_MMX 1
| #define USE_SSE2 1
| /* end confdefs.h.  */
| 
| .text
| .fpu neon
| .arch armv7a
| .object_arch armv4
| .eabi_attribute 10, 0
| .arm
| .altmacro
| #ifndef __ARM_EABI__
| #error EABI is required (to be sure that calling conventions are compatible)
| #endif
| pld [r0]
| vmovn.u16 d0, q0
configure:12982: result: no
configure:13013: checking whether to use ARM IWMMXT intrinsics
configure:13039: gcc -c -g -O2 -Wall -fno-strict-aliasing -fvisibility=hidden -flax-vector-conversions -Winline -march=iwmmxt2  conftest.c >&5
conftest.c:1:0: error: bad value (iwmmxt2) for -march= switch
configure:13039: $? = 1
configure: failed program was:
| /* confdefs.h */
| #define PACKAGE_NAME "pixman"
| #define PACKAGE_TARNAME "pixman"
| #define PACKAGE_VERSION "0.28.0"
| #define PACKAGE_STRING "pixman 0.28.0"
| #define PACKAGE_BUGREPORT "pixman@lists.freedesktop.org"
| #define PACKAGE_URL ""
| #define PACKAGE "pixman"
| #define VERSION "0.28.0"
| #define STDC_HEADERS 1
| #define HAVE_SYS_TYPES_H 1
| #define HAVE_SYS_STAT_H 1
| #define HAVE_STDLIB_H 1
| #define HAVE_STRING_H 1
| #define HAVE_MEMORY_H 1
| #define HAVE_STRINGS_H 1
| #define HAVE_INTTYPES_H 1
| #define HAVE_STDINT_H 1
| #define HAVE_UNISTD_H 1
| #define HAVE_DLFCN_H 1
| #define LT_OBJDIR ".libs/"
| #define SIZEOF_LONG 8
| #define USE_OPENMP 1
| #define USE_X86_MMX 1
| #define USE_SSE2 1
| /* end confdefs.h.  */
| 
| #ifndef __arm__
| #error "IWMMXT is only available on ARM"
| #endif
| #ifndef __IWMMXT__
| #error "IWMMXT not enabled (with -march=iwmmxt)"
| #endif
| #if defined(__GNUC__) && (__GNUC__ < 4 || (__GNUC__ == 4 && __GNUC_MINOR__ < 5))
| #error "Need GCC >= 4.5 for IWMMXT intrinsics"
| #endif
| #include <mmintrin.h>
| int main () {
| 	union {
| 		__m64 v;
| 		char c[8];
| 	} a = { .c = {1, 2, 3, 4, 5, 6, 7, 8} };
| 	int b = 4;
| 	__m64 c = _mm_srli_si64 (a.v, b);
| }
configure:13057: result: no
configure:13074: checking whether to use MIPS DSPr2 assembler
configure:13097: gcc -c -mdspr2 -g -O2 -Wall -fno-strict-aliasing -fvisibility=hidden  conftest.c >&5
cc1: error: unrecognized command line option '-mdspr2'
configure:13097: $? = 1
configure: failed program was:
| /* confdefs.h */
| #define PACKAGE_NAME "pixman"
| #define PACKAGE_TARNAME "pixman"
| #define PACKAGE_VERSION "0.28.0"
| #define PACKAGE_STRING "pixman 0.28.0"
| #define PACKAGE_BUGREPORT "pixman@lists.freedesktop.org"
| #define PACKAGE_URL ""
| #define PACKAGE "pixman"
| #define VERSION "0.28.0"
| #define STDC_HEADERS 1
| #define HAVE_SYS_TYPES_H 1
| #define HAVE_SYS_STAT_H 1
| #define HAVE_STDLIB_H 1
| #define HAVE_STRING_H 1
| #define HAVE_MEMORY_H 1
| #define HAVE_STRINGS_H 1
| #define HAVE_INTTYPES_H 1
| #define HAVE_STDINT_H 1
| #define HAVE_UNISTD_H 1
| #define HAVE_DLFCN_H 1
| #define LT_OBJDIR ".libs/"
| #define SIZEOF_LONG 8
| #define USE_OPENMP 1
| #define USE_X86_MMX 1
| #define USE_SSE2 1
| /* end confdefs.h.  */
| 
| #if !(defined(__mips__) &&  __mips_isa_rev >= 2)
| #error MIPS DSPr2 is currently only available on MIPS32r2 platforms.
| #endif
| int
| main ()
| {
|     int c = 0, a = 0, b = 0;
|     __asm__ __volatile__ (
|         "precr.qb.ph %[c], %[a], %[b]          \n\t"
|         : [c] "=r" (c)
|         : [a] "r" (a), [b] "r" (b)
|     );
|     return c;
| }
configure:13130: result: no
configure:13138: checking whether to use GNU-style inline assembler
configure:13149: gcc -c -g -O2 -Wall -fno-strict-aliasing -fvisibility=hidden  conftest.c >&5
configure:13149: $? = 0
configure:13172: result: yes
configure:13280: checking for pkg-config
configure:13298: found /usr/bin/pkg-config
configure:13310: result: /usr/bin/pkg-config
configure:13335: checking pkg-config is at least version 0.9.0
configure:13338: result: yes
configure:13487: checking for pixman_version_string in -lpixman-1
configure:13512: gcc -o conftest -g -O2 -Wall -fno-strict-aliasing -fvisibility=hidden   conftest.c -lpixman-1   >&5
configure:13512: $? = 0
configure:13521: result: yes
configure:13534: checking for GTK
configure:13541: $PKG_CONFIG --exists --print-errors "gtk+-2.0 pixman-1"
Package gtk+-2.0 was not found in the pkg-config search path.
Perhaps you should add the directory containing `gtk+-2.0.pc'
to the PKG_CONFIG_PATH environment variable
No package 'gtk+-2.0' found
configure:13544: $? = 1
configure:13557: $PKG_CONFIG --exists --print-errors "gtk+-2.0 pixman-1"
Package gtk+-2.0 was not found in the pkg-config search path.
Perhaps you should add the directory containing `gtk+-2.0.pc'
to the PKG_CONFIG_PATH environment variable
No package 'gtk+-2.0' found
configure:13560: $? = 1
configure:13573: result: no
No package 'gtk+-2.0' found
configure:13616: checking for posix_memalign
configure:13616: gcc -o conftest -g -O2 -Wall -fno-strict-aliasing -fvisibility=hidden   conftest.c  >&5
configure:13616: $? = 0
configure:13616: result: yes
configure:13629: checking for sigaction
configure:13629: gcc -o conftest -g -O2 -Wall -fno-strict-aliasing -fvisibility=hidden   conftest.c  >&5
configure:13629: $? = 0
configure:13629: result: yes
configure:13642: checking for alarm
configure:13642: gcc -o conftest -g -O2 -Wall -fno-strict-aliasing -fvisibility=hidden   conftest.c  >&5
configure:13642: $? = 0
configure:13642: result: yes
configure:13655: checking sys/mman.h usability
configure:13655: gcc -c -g -O2 -Wall -fno-strict-aliasing -fvisibility=hidden  conftest.c >&5
configure:13655: $? = 0
configure:13655: result: yes
configure:13655: checking sys/mman.h presence
configure:13655: gcc -E  conftest.c
configure:13655: $? = 0
configure:13655: result: yes
configure:13655: checking for sys/mman.h
configure:13655: result: yes
configure:13664: checking for mmap
configure:13664: gcc -o conftest -g -O2 -Wall -fno-strict-aliasing -fvisibility=hidden   conftest.c  >&5
configure:13664: $? = 0
configure:13664: result: yes
configure:13677: checking for mprotect
configure:13677: gcc -o conftest -g -O2 -Wall -fno-strict-aliasing -fvisibility=hidden   conftest.c  >&5
configure:13677: $? = 0
configure:13677: result: yes
configure:13690: checking for getpagesize
configure:13690: gcc -o conftest -g -O2 -Wall -fno-strict-aliasing -fvisibility=hidden   conftest.c  >&5
configure:13690: $? = 0
configure:13690: result: yes
configure:13703: checking fenv.h usability
configure:13703: gcc -c -g -O2 -Wall -fno-strict-aliasing -fvisibility=hidden  conftest.c >&5
configure:13703: $? = 0
configure:13703: result: yes
configure:13703: checking fenv.h presence
configure:13703: gcc -E  conftest.c
configure:13703: $? = 0
configure:13703: result: yes
configure:13703: checking for fenv.h
configure:13703: result: yes
configure:13712: checking for feenableexcept in -lm
configure:13737: gcc -o conftest -g -O2 -Wall -fno-strict-aliasing -fvisibility=hidden   conftest.c -lm   >&5
configure:13737: $? = 0
configure:13746: result: yes
configure:13760: checking for gettimeofday
configure:13760: gcc -o conftest -g -O2 -Wall -fno-strict-aliasing -fvisibility=hidden   conftest.c  >&5
configure:13760: $? = 0
configure:13760: result: yes
configure:13767: checking sys/time.h usability
configure:13767: gcc -c -g -O2 -Wall -fno-strict-aliasing -fvisibility=hidden  conftest.c >&5
configure:13767: $? = 0
configure:13767: result: yes
configure:13767: checking sys/time.h presence
configure:13767: gcc -E  conftest.c
configure:13767: $? = 0
configure:13767: result: yes
configure:13767: checking for sys/time.h
configure:13767: result: yes
configure:13782: checking for thread local storage (TLS) support
configure:13810: gcc -c -g -O2 -Wall -fno-strict-aliasing -fvisibility=hidden  conftest.c >&5
configure:13810: $? = 0
configure:13810: gcc -c -g -O2 -Wall -fno-strict-aliasing -fvisibility=hidden  conftest.c >&5
conftest.c: In function '__declspec':
conftest.c:46:24: error: expected declaration specifiers before 'test'
conftest.c:49:1: error: expected '=', ',', ';', 'asm' or '__attribute__' before '{' token
conftest.c:53:1: error: expected '{' at end of input
conftest.c:53:1: warning: control reaches end of non-void function [-Wreturn-type]
configure:13810: $? = 1
configure: failed program was:
| /* confdefs.h */
| #define PACKAGE_NAME "pixman"
| #define PACKAGE_TARNAME "pixman"
| #define PACKAGE_VERSION "0.28.0"
| #define PACKAGE_STRING "pixman 0.28.0"
| #define PACKAGE_BUGREPORT "pixman@lists.freedesktop.org"
| #define PACKAGE_URL ""
| #define PACKAGE "pixman"
| #define VERSION "0.28.0"
| #define STDC_HEADERS 1
| #define HAVE_SYS_TYPES_H 1
| #define HAVE_SYS_STAT_H 1
| #define HAVE_STDLIB_H 1
| #define HAVE_STRING_H 1
| #define HAVE_MEMORY_H 1
| #define HAVE_STRINGS_H 1
| #define HAVE_INTTYPES_H 1
| #define HAVE_STDINT_H 1
| #define HAVE_UNISTD_H 1
| #define HAVE_DLFCN_H 1
| #define LT_OBJDIR ".libs/"
| #define SIZEOF_LONG 8
| #define USE_OPENMP 1
| #define USE_X86_MMX 1
| #define USE_SSE2 1
| #define USE_GCC_INLINE_ASM 1
| #define HAVE_POSIX_MEMALIGN 1
| #define HAVE_SIGACTION 1
| #define HAVE_ALARM 1
| #define HAVE_SYS_MMAN_H 1
| #define HAVE_MMAP 1
| #define HAVE_MPROTECT 1
| #define HAVE_GETPAGESIZE 1
| #define HAVE_FENV_H 1
| #define HAVE_FEENABLEEXCEPT 1
| #define HAVE_GETTIMEOFDAY 1
| /* end confdefs.h.  */
| 
| #if defined(__MINGW32__) && !(__GNUC__ > 4 || (__GNUC__ == 4 && __GNUC_MINOR__ >= 5))
| #error This MinGW version has broken __thread support
| #endif
| #ifdef __OpenBSD__
| #error OpenBSD has broken __thread support
| #endif
| 
| int __declspec(thread) test;
| int
| main ()
| {
| 
|   ;
|   return 0;
| }
configure:13818: result: __thread
configure:14085: checking for __attribute__((constructor))
configure:14102: gcc -o conftest -g -O2 -Wall -fno-strict-aliasing -fvisibility=hidden   conftest.c  >&5
configure:14102: $? = 0
configure:14114: result: yes
configure:14222: checking for PNG
configure:14229: $PKG_CONFIG --exists --print-errors "libpng"
configure:14232: $? = 0
configure:14245: $PKG_CONFIG --exists --print-errors "libpng"
configure:14248: $? = 0
configure:14285: result: yes
configure:14476: creating ./config.status

## ---------------------- ##
## Running config.status. ##
## ---------------------- ##

This file was extended by pixman config.status 0.28.0, which was
generated by GNU Autoconf 2.68.  Invocation command line was

  CONFIG_FILES    = 
  CONFIG_HEADERS  = 
  CONFIG_LINKS    = 
  CONFIG_COMMANDS = 
  $ ./config.status 

on taco

config.status:1168: creating pixman-1.pc
config.status:1168: creating pixman-1-uninstalled.pc
config.status:1168: creating Makefile
config.status:1168: creating pixman/Makefile
config.status:1168: creating pixman/pixman-version.h
config.status:1168: creating demos/Makefile
config.status:1168: creating test/Makefile
config.status:1168: creating config.h
config.status:1349: config.h is unchanged
config.status:1397: executing depfiles commands
config.status:1397: executing libtool commands

## ---------------- ##
## Cache variables. ##
## ---------------- ##

ac_cv_build=x86_64-unknown-linux-gnu
ac_cv_c_bigendian=no
ac_cv_c_compiler_gnu=yes
ac_cv_c_inline=inline
ac_cv_env_CCASFLAGS_set=
ac_cv_env_CCASFLAGS_value=
ac_cv_env_CCAS_set=
ac_cv_env_CCAS_value=
ac_cv_env_CC_set=
ac_cv_env_CC_value=
ac_cv_env_CFLAGS_set=
ac_cv_env_CFLAGS_value=
ac_cv_env_CPPFLAGS_set=
ac_cv_env_CPPFLAGS_value=
ac_cv_env_CPP_set=
ac_cv_env_CPP_value=
ac_cv_env_GTK_CFLAGS_set=
ac_cv_env_GTK_CFLAGS_value=
ac_cv_env_GTK_LIBS_set=
ac_cv_env_GTK_LIBS_value=
ac_cv_env_LDFLAGS_set=
ac_cv_env_LDFLAGS_value=
ac_cv_env_LIBS_set=
ac_cv_env_LIBS_value=
ac_cv_env_PKG_CONFIG_LIBDIR_set=
ac_cv_env_PKG_CONFIG_LIBDIR_value=
ac_cv_env_PKG_CONFIG_PATH_set=
ac_cv_env_PKG_CONFIG_PATH_value=
ac_cv_env_PKG_CONFIG_set=
ac_cv_env_PKG_CONFIG_value=
ac_cv_env_PNG_CFLAGS_set=
ac_cv_env_PNG_CFLAGS_value=
ac_cv_env_PNG_LIBS_set=
ac_cv_env_PNG_LIBS_value=
ac_cv_env_build_alias_set=
ac_cv_env_build_alias_value=
ac_cv_env_host_alias_set=
ac_cv_env_host_alias_value=
ac_cv_env_target_alias_set=
ac_cv_env_target_alias_value=
ac_cv_func_alarm=yes
ac_cv_func_getisax=no
ac_cv_func_getpagesize=yes
ac_cv_func_gettimeofday=yes
ac_cv_func_mmap=yes
ac_cv_func_mprotect=yes
ac_cv_func_posix_memalign=yes
ac_cv_func_sigaction=yes
ac_cv_have_decl___SUNPRO_C=no
ac_cv_have_decl___amd64=yes
ac_cv_header_dlfcn_h=yes
ac_cv_header_fenv_h=yes
ac_cv_header_inttypes_h=yes
ac_cv_header_memory_h=yes
ac_cv_header_stdc=yes
ac_cv_header_stdint_h=yes
ac_cv_header_stdlib_h=yes
ac_cv_header_string_h=yes
ac_cv_header_strings_h=yes
ac_cv_header_sys_mman_h=yes
ac_cv_header_sys_stat_h=yes
ac_cv_header_sys_time_h=yes
ac_cv_header_sys_types_h=yes
ac_cv_header_unistd_h=yes
ac_cv_host=x86_64-unknown-linux-gnu
ac_cv_lib_m_feenableexcept=yes
ac_cv_lib_pixman_1_pixman_version_string=yes
ac_cv_objext=o
ac_cv_path_EGREP='/bin/grep -E'
ac_cv_path_FGREP='/bin/grep -F'
ac_cv_path_GREP=/bin/grep
ac_cv_path_SED=/bin/sed
ac_cv_path_ac_pt_PKG_CONFIG=/usr/bin/pkg-config
ac_cv_path_install='/usr/bin/install -c'
ac_cv_path_mkdir=/bin/mkdir
ac_cv_prog_AWK=mawk
ac_cv_prog_CPP='gcc -E'
ac_cv_prog_ac_ct_AR=ar
ac_cv_prog_ac_ct_CC=gcc
ac_cv_prog_ac_ct_MANIFEST_TOOL=mt
ac_cv_prog_ac_ct_OBJDUMP=objdump
ac_cv_prog_ac_ct_RANLIB=ranlib
ac_cv_prog_ac_ct_STRIP=strip
ac_cv_prog_c_openmp=-fopenmp
ac_cv_prog_cc_c89=
ac_cv_prog_cc_g=yes
ac_cv_prog_make_make_set=yes
ac_cv_sizeof_long=8
ac_cv_tls=__thread
am_cv_CCAS_dependencies_compiler_type=gcc3
am_cv_CC_dependencies_compiler_type=gcc3
am_cv_make_support_nested_variables=yes
lt_cv_ar_at_file=@
lt_cv_deplibs_check_method=pass_all
lt_cv_file_magic_cmd='$MAGIC_CMD'
lt_cv_file_magic_test_file=
lt_cv_ld_reload_flag=-r
lt_cv_nm_interface='BSD nm'
lt_cv_objdir=.libs
lt_cv_path_LD=/usr/bin/ld
lt_cv_path_NM='/usr/bin/nm -B'
lt_cv_path_mainfest_tool=no
lt_cv_prog_compiler_c_o=yes
lt_cv_prog_compiler_pic='-fPIC -DPIC'
lt_cv_prog_compiler_pic_works=yes
lt_cv_prog_compiler_rtti_exceptions=no
lt_cv_prog_compiler_static_works=yes
lt_cv_prog_gnu_ld=yes
lt_cv_sharedlib_from_linklib_cmd='printf %s\n'
lt_cv_shlibpath_overrides_runpath=no
lt_cv_sys_global_symbol_pipe='sed -n -e '\''s/^.*[	 ]\([ABCDGIRSTW][ABCDGIRSTW]*\)[	 ][	 ]*\([_A-Za-z][_A-Za-z0-9]*\)$/\1 \2 \2/p'\'' | sed '\''/ __gnu_lto/d'\'''
lt_cv_sys_global_symbol_to_c_name_address='sed -n -e '\''s/^: \([^ ]*\)[ ]*$/  {\"\1\", (void *) 0},/p'\'' -e '\''s/^[ABCDGIRSTW]* \([^ ]*\) \([^ ]*\)$/  {"\2", (void *) \&\2},/p'\'''
lt_cv_sys_global_symbol_to_c_name_address_lib_prefix='sed -n -e '\''s/^: \([^ ]*\)[ ]*$/  {\"\1\", (void *) 0},/p'\'' -e '\''s/^[ABCDGIRSTW]* \([^ ]*\) \(lib[^ ]*\)$/  {"\2", (void *) \&\2},/p'\'' -e '\''s/^[ABCDGIRSTW]* \([^ ]*\) \([^ ]*\)$/  {"lib\2", (void *) \&\2},/p'\'''
lt_cv_sys_global_symbol_to_cdecl='sed -n -e '\''s/^T .* \(.*\)$/extern int \1();/p'\'' -e '\''s/^[ABCDGIRSTW]* .* \(.*\)$/extern char \1;/p'\'''
lt_cv_sys_max_cmd_len=1572864
lt_cv_to_host_file_cmd=func_convert_file_noop
lt_cv_to_tool_file_cmd=func_convert_file_noop
pkg_cv_PNG_CFLAGS='-I/usr/include/libpng12  '
pkg_cv_PNG_LIBS='-lpng12  '

## ----------------- ##
## Output variables. ##
## ----------------- ##

ACLOCAL='${SHELL} /home/taco/cairo/pixman-0.28.0/missing --run aclocal-1.11'
AMDEPBACKSLASH='\'
AMDEP_FALSE='#'
AMDEP_TRUE=''
AMTAR='$${TAR-tar}'
AM_BACKSLASH='\'
AM_DEFAULT_V='$(AM_DEFAULT_VERBOSITY)'
AM_DEFAULT_VERBOSITY='0'
AM_V='$(V)'
AR='ar'
AUTOCONF='${SHELL} /home/taco/cairo/pixman-0.28.0/missing --run autoconf'
AUTOHEADER='${SHELL} /home/taco/cairo/pixman-0.28.0/missing --run autoheader'
AUTOMAKE='${SHELL} /home/taco/cairo/pixman-0.28.0/missing --run automake-1.11'
AWK='mawk'
CC='gcc'
CCAS='gcc'
CCASDEPMODE='depmode=gcc3'
CCASFLAGS='-g -O2'
CCDEPMODE='depmode=gcc3'
CFLAGS='-g -O2 -Wall -fno-strict-aliasing -fvisibility=hidden'
CPP='gcc -E'
CPPFLAGS=''
CYGPATH_W='echo'
DEFS='-DHAVE_CONFIG_H'
DEPDIR='.deps'
DLLTOOL='false'
DSYMUTIL=''
DUMPBIN=''
ECHO_C=''
ECHO_N='-n'
ECHO_T=''
EGREP='/bin/grep -E'
EXEEXT=''
FGREP='/bin/grep -F'
GREP='/bin/grep'
GTK_CFLAGS=''
GTK_LIBS=''
HAVE_GTK_FALSE=''
HAVE_GTK_TRUE='#'
HAVE_LIBPNG=''
HAVE_PTHREAD_SETSPECIFIC=''
INSTALL_DATA='${INSTALL} -m 644'
INSTALL_PROGRAM='${INSTALL}'
INSTALL_SCRIPT='${INSTALL}'
INSTALL_STRIP_PROGRAM='$(install_sh) -c -s'
IWMMXT_CFLAGS=''
LD='/usr/bin/ld -m elf_x86_64'
LDFLAGS=''
LIBOBJS=''
LIBS=''
LIBTOOL='$(SHELL) $(top_builddir)/libtool'
LIPO=''
LN_S='ln -s'
LS_CFLAGS=''
LTLIBOBJS=''
LT_VERSION_INFO='28:0:28'
MAKEINFO='${SHELL} /home/taco/cairo/pixman-0.28.0/missing --run makeinfo'
MANIFEST_TOOL=':'
MKDIR_P='/bin/mkdir -p'
MMX_CFLAGS='-mmmx -Winline'
MMX_LDFLAGS=''
NM='/usr/bin/nm -B'
NMEDIT=''
OBJDUMP='objdump'
OBJEXT='o'
OPENMP_CFLAGS='-fopenmp'
OTOOL64=''
OTOOL=''
PACKAGE='pixman'
PACKAGE_BUGREPORT='pixman@lists.freedesktop.org'
PACKAGE_NAME='pixman'
PACKAGE_STRING='pixman 0.28.0'
PACKAGE_TARNAME='pixman'
PACKAGE_URL=''
PACKAGE_VERSION='0.28.0'
PATH_SEPARATOR=':'
PIXMAN_TIMERS=''
PIXMAN_VERSION_MAJOR='0'
PIXMAN_VERSION_MICRO='0'
PIXMAN_VERSION_MINOR='28'
PKG_CONFIG='/usr/bin/pkg-config'
PKG_CONFIG_LIBDIR=''
PKG_CONFIG_PATH=''
PNG_CFLAGS='-I/usr/include/libpng12  '
PNG_LIBS='-lpng12  '
PTHREAD_LDFLAGS=''
PTHREAD_LIBS=''
RANLIB='ranlib'
SED='/bin/sed'
SET_MAKE=''
SHELL='/bin/bash'
SSE2_CFLAGS='-msse2 -Winline'
SSE2_LDFLAGS=''
STRIP='strip'
TESTPROGS_EXTRA_LDFLAGS=''
TOOLCHAIN_SUPPORTS_ATTRIBUTE_CONSTRUCTOR=''
TOOLCHAIN_SUPPORTS__THREAD=''
USE_ARM_IWMMXT_FALSE=''
USE_ARM_IWMMXT_TRUE='#'
USE_ARM_NEON_FALSE=''
USE_ARM_NEON_TRUE='#'
USE_ARM_SIMD_FALSE=''
USE_ARM_SIMD_TRUE='#'
USE_GCC_INLINE_ASM_FALSE='#'
USE_GCC_INLINE_ASM_TRUE=''
USE_LOONGSON_MMI_FALSE=''
USE_LOONGSON_MMI_TRUE='#'
USE_MIPS_DSPR2_FALSE=''
USE_MIPS_DSPR2_TRUE='#'
USE_SSE2_FALSE='#'
USE_SSE2_TRUE=''
USE_VMX_FALSE=''
USE_VMX_TRUE='#'
USE_X86_MMX_FALSE='#'
USE_X86_MMX_TRUE=''
VERSION='0.28.0'
VMX_CFLAGS=''
ac_ct_AR='ar'
ac_ct_CC='gcc'
ac_ct_DUMPBIN=''
am__EXEEXT_FALSE=''
am__EXEEXT_TRUE='#'
am__fastdepCCAS_FALSE='#'
am__fastdepCCAS_TRUE=''
am__fastdepCC_FALSE='#'
am__fastdepCC_TRUE=''
am__include='include'
am__isrc=''
am__leading_dot='.'
am__nodep='_no'
am__quote=''
am__tar='$${TAR-tar} chof - "$$tardir"'
am__untar='$${TAR-tar} xf -'
bindir='${exec_prefix}/bin'
build='x86_64-unknown-linux-gnu'
build_alias=''
build_cpu='x86_64'
build_os='linux-gnu'
build_vendor='unknown'
datadir='${datarootdir}'
datarootdir='${prefix}/share'
docdir='${datarootdir}/doc/${PACKAGE_TARNAME}'
dvidir='${docdir}'
exec_prefix='${prefix}'
host='x86_64-unknown-linux-gnu'
host_alias=''
host_cpu='x86_64'
host_os='linux-gnu'
host_vendor='unknown'
htmldir='${docdir}'
includedir='${prefix}/include'
infodir='${datarootdir}/info'
install_sh='${SHELL} /home/taco/cairo/pixman-0.28.0/install-sh'
libdir='${exec_prefix}/lib'
libexecdir='${exec_prefix}/libexec'
localedir='${datarootdir}/locale'
localstatedir='${prefix}/var'
mandir='${datarootdir}/man'
mkdir_p='/bin/mkdir -p'
oldincludedir='/usr/include'
pdfdir='${docdir}'
prefix='/usr/local'
program_transform_name='s,x,x,'
psdir='${docdir}'
sbindir='${exec_prefix}/sbin'
sharedstatedir='${prefix}/com'
sysconfdir='${prefix}/etc'
target_alias=''

## ----------- ##
## confdefs.h. ##
## ----------- ##

/* confdefs.h */
#define PACKAGE_NAME "pixman"
#define PACKAGE_TARNAME "pixman"
#define PACKAGE_VERSION "0.28.0"
#define PACKAGE_STRING "pixman 0.28.0"
#define PACKAGE_BUGREPORT "pixman@lists.freedesktop.org"
#define PACKAGE_URL ""
#define PACKAGE "pixman"
#define VERSION "0.28.0"
#define STDC_HEADERS 1
#define HAVE_SYS_TYPES_H 1
#define HAVE_SYS_STAT_H 1
#define HAVE_STDLIB_H 1
#define HAVE_STRING_H 1
#define HAVE_MEMORY_H 1
#define HAVE_STRINGS_H 1
#define HAVE_INTTYPES_H 1
#define HAVE_STDINT_H 1
#define HAVE_UNISTD_H 1
#define HAVE_DLFCN_H 1
#define LT_OBJDIR ".libs/"
#define SIZEOF_LONG 8
#define USE_OPENMP 1
#define USE_X86_MMX 1
#define USE_SSE2 1
#define USE_GCC_INLINE_ASM 1
#define HAVE_POSIX_MEMALIGN 1
#define HAVE_SIGACTION 1
#define HAVE_ALARM 1
#define HAVE_SYS_MMAN_H 1
#define HAVE_MMAP 1
#define HAVE_MPROTECT 1
#define HAVE_GETPAGESIZE 1
#define HAVE_FENV_H 1
#define HAVE_FEENABLEEXCEPT 1
#define HAVE_GETTIMEOFDAY 1
#define TLS __thread
#define TOOLCHAIN_SUPPORTS_ATTRIBUTE_CONSTRUCTOR /**/
#define HAVE_LIBPNG 1

configure: exit 0
